<?xml version="1.0" encoding="UTF-8"?>
<!-- Generated by org.testng.reporters.JUnitReportReporter -->
<testsuite hostname="Nick" failures="0" tests="1" name="testlayer1.Complile2" time="12.749" errors="0" timestamp="2023-08-04T15:18:24 EDT" skipped="0">
  <testcase classname="testlayer1.Complile2" name="testing" time="12.749"/>
</testsuite> <!-- testlayer1.Complile2 -->
